<?xml version="1.0" encoding="utf-8"?>
<test-run id="2" testcasecount="1" result="Passed" total="1" passed="1" failed="0" inconclusive="0" skipped="0" asserts="0" engine-version="3.5.0.0" clr-version="4.0.30319.42000" start-time="2024-05-31 14:42:03Z" end-time="2024-05-31 14:42:03Z" duration="0.0328101">
  <test-suite type="TestSuite" id="1008" name="TicTacToe" fullname="TicTacToe" runstate="Runnable" testcasecount="1" result="Passed" start-time="2024-05-31 14:42:03Z" end-time="2024-05-31 14:42:03Z" duration="0.032810" total="1" passed="1" failed="0" inconclusive="0" skipped="0" asserts="0">
    <properties />
    <test-suite type="Assembly" id="1011" name="EditModeTests.dll" fullname="C:/Users/kevin/source/repos/TicTacToe/TicTacToe/Library/ScriptAssemblies/EditModeTests.dll" runstate="Runnable" testcasecount="1" result="Passed" start-time="2024-05-31 14:42:03Z" end-time="2024-05-31 14:42:03Z" duration="0.021016" total="1" passed="1" failed="0" inconclusive="0" skipped="0" asserts="0">
      <properties>
        <property name="_PID" value="23900" />
        <property name="_APPDOMAIN" value="Unity Child Domain" />
        <property name="platform" value="EditMode" />
      </properties>
      <test-suite type="TestFixture" id="1009" name="EditModeTests" fullname="EditModeTests" classname="EditModeTests" runstate="Runnable" testcasecount="1" result="Passed" start-time="2024-05-31 14:42:03Z" end-time="2024-05-31 14:42:03Z" duration="0.019580" total="1" passed="1" failed="0" inconclusive="0" skipped="0" asserts="0">
        <properties />
        <test-case id="1010" name="EditModeTestsSimplePasses" fullname="EditModeTests.EditModeTestsSimplePasses" methodname="EditModeTestsSimplePasses" classname="EditModeTests" runstate="Runnable" seed="1734543206" result="Passed" start-time="2024-05-31 14:42:03Z" end-time="2024-05-31 14:42:03Z" duration="0.009013" asserts="0">
          <properties />
        </test-case>
      </test-suite>
    </test-suite>
  </test-suite>
</test-run>